{"message":"\tServer started and running on http://localhost:9001","level":"info","timestamp":"19-05-2021 03:05:15"}
{"message":"\tServer started and running on http://localhost:9001","level":"info","timestamp":"19-05-2021 03:12:52"}
{"message":"\tAccessing /cats by method:  GET","level":"info","timestamp":"19-05-2021 03:14:30"}
{"message":"\tAccessing /cats by method:  GET  |  Requesting the data with id:  2","level":"info","timestamp":"19-05-2021 03:14:41"}
{"message":"\tAccessing /cats/temperament/ by method:  GET  |  Requesting the data with temperament like:  active","level":"info","timestamp":"19-05-2021 03:14:47"}
{"message":"\tAccessing /cats/origin by method:  GET  |  Requesting the data with origin like:  Canada","level":"info","timestamp":"19-05-2021 03:14:58"}
{"message":"\tAccessing /glasses by method:  GET","level":"info","timestamp":"19-05-2021 03:15:06"}
{"message":"\tAccessing /glasses by method:  GET  |  Requesting the data with id:  3","level":"info","timestamp":"19-05-2021 03:15:13"}
{"message":"\tAccessing /hats by method:  GET","level":"info","timestamp":"19-05-2021 03:15:20"}
{"message":"\tAccessing /hats by method:  GET  |  Requesting the data with id:  2","level":"info","timestamp":"19-05-2021 03:15:25"}
{"message":"\tServer started and running on http://localhost:9001","level":"info","timestamp":"19-05-2021 03:30:21"}
{"message":"\tServer started and running on http://localhost:9001","level":"info","timestamp":"19-05-2021 20:03:56"}
{"message":"\tAccessing /cats by method:  GET","level":"info","timestamp":"19-05-2021 20:04:00"}
{"message":"\tAccessing /cats by method:  GET","level":"info","timestamp":"19-05-2021 20:05:02"}
{"message":"\tAccessing /cats by method:  GET","level":"info","timestamp":"19-05-2021 20:07:21"}
{"message":"\tAccessing /cats by method:  GET","level":"info","timestamp":"19-05-2021 20:11:33"}
{"message":"\tAccessing /cats by method:  GET","level":"info","timestamp":"19-05-2021 20:11:42"}
{"message":"\tAccessing /cats by method:  GET","level":"info","timestamp":"19-05-2021 20:11:53"}
{"message":"\tAccessing /cats by method:  GET","level":"info","timestamp":"19-05-2021 20:11:54"}
{"message":"\tAccessing /cats by method:  GET","level":"info","timestamp":"19-05-2021 20:11:55"}
{"message":"\tAccessing /cats by method:  GET","level":"info","timestamp":"19-05-2021 20:12:00"}
{"message":"\tAccessing /cats by method:  GET","level":"info","timestamp":"19-05-2021 20:12:12"}
{"message":"\tAccessing /cats by method:  GET","level":"info","timestamp":"19-05-2021 20:12:23"}
{"message":"\tAccessing /cats by method:  GET","level":"info","timestamp":"19-05-2021 20:13:23"}
{"message":"\tAccessing /cats by method:  GET","level":"info","timestamp":"19-05-2021 20:15:20"}
{"message":"\tAccessing /cats by method:  GET","level":"info","timestamp":"19-05-2021 20:16:50"}
{"message":"\tAccessing /cats by method:  GET","level":"info","timestamp":"19-05-2021 20:21:25"}
{"message":"\tAccessing /cats by method:  GET","level":"info","timestamp":"19-05-2021 20:22:00"}
{"message":"\tAccessing /cats by method:  GET","level":"info","timestamp":"19-05-2021 20:24:06"}
{"message":"\tAccessing /cats by method:  GET","level":"info","timestamp":"19-05-2021 20:24:57"}
{"message":"\tAccessing /cats by method:  GET","level":"info","timestamp":"19-05-2021 20:26:11"}
{"message":"\tAccessing /cats by method:  GET","level":"info","timestamp":"19-05-2021 20:26:22"}
{"message":"\tServer started and running on http://localhost:9001","level":"info","timestamp":"20-05-2021 01:49:08"}
{"message":"\tServer started and running on http://localhost:9001","level":"info","timestamp":"20-05-2021 01:50:56"}
{"message":"\t\"Server Sent A Hello World!\" -  GET","level":"info","timestamp":"20-05-2021 01:51:06"}
{"message":"\tAccessing /cats by method:  GET","level":"info","timestamp":"20-05-2021 01:51:33"}
{"message":"\tServer started and running on http://localhost:9001","level":"info","timestamp":"20-05-2021 01:53:31"}
{"message":"\tAccessing /cats by method:  GET","level":"info","timestamp":"20-05-2021 01:53:31"}
{"message":"\tAccessing /hats by method:  GET","level":"info","timestamp":"20-05-2021 01:57:52"}
{"message":"\tServer started and running on http://localhost:9001","level":"info","timestamp":"20-05-2021 02:03:35"}
{"message":"\tAccessing /cats by method:  GET","level":"info","timestamp":"20-05-2021 02:03:53"}
{"message":"\tAccessing /cats by method:  GET","level":"info","timestamp":"20-05-2021 02:04:00"}
{"message":"\tAccessing /cats by method:  GET","level":"info","timestamp":"20-05-2021 02:07:17"}
{"message":"\tAccessing /cats by method:  GET","level":"info","timestamp":"20-05-2021 02:07:23"}
{"message":"\tServer started and running on http://localhost:9001","level":"info","timestamp":"20-05-2021 02:11:36"}
{"message":"\tAccessing /cats by method:  GET","level":"info","timestamp":"20-05-2021 02:11:41"}
{"message":"\tAccessing /cats by method:  GET","level":"info","timestamp":"20-05-2021 02:11:42"}
{"message":"\tAccessing /cats by method:  GET","level":"info","timestamp":"20-05-2021 02:11:42"}
{"message":"\tAccessing /cats by method:  GET","level":"info","timestamp":"20-05-2021 02:11:42"}
{"message":"\tAccessing /cats by method:  GET","level":"info","timestamp":"20-05-2021 02:11:53"}
{"message":"\tAccessing /cats by method:  GET","level":"info","timestamp":"20-05-2021 02:11:56"}
{"message":"\tAccessing /cats by method:  GET","level":"info","timestamp":"20-05-2021 02:11:57"}
{"message":"\tServer started and running on http://localhost:9001","level":"info","timestamp":"20-05-2021 02:15:41"}
{"message":"\tAccessing /cats by method:  GET","level":"info","timestamp":"20-05-2021 02:15:41"}
{"message":"\tAccessing /cats by method:  GET","level":"info","timestamp":"20-05-2021 02:15:42"}
{"message":"\tAccessing /cats by method:  GET","level":"info","timestamp":"20-05-2021 02:15:43"}
{"message":"\tServer started and running on http://localhost:9001","level":"info","timestamp":"20-05-2021 02:19:37"}
{"message":"\tAccessing /cats by method:  GET","level":"info","timestamp":"20-05-2021 02:19:38"}
{"message":"\tAccessing /cats by method:  GET","level":"info","timestamp":"20-05-2021 02:19:38"}
{"message":"\tAccessing /cats by method:  GET","level":"info","timestamp":"20-05-2021 02:20:36"}
{"message":"\tServer started and running on http://localhost:9001","level":"info","timestamp":"20-05-2021 02:21:14"}
{"message":"\tAccessing /cats by method:  GET","level":"info","timestamp":"20-05-2021 02:21:15"}
{"message":"\tAccessing /cats by method:  GET","level":"info","timestamp":"20-05-2021 02:21:16"}
{"message":"\tServer started and running on http://localhost:9001","level":"info","timestamp":"20-05-2021 02:24:35"}
{"message":"\tAccessing /cats by method:  GET","level":"info","timestamp":"20-05-2021 02:24:35"}
{"message":"\tAccessing /cats by method:  GET","level":"info","timestamp":"20-05-2021 02:25:40"}
{"message":"\tAccessing /cats by method:  GET","level":"info","timestamp":"20-05-2021 02:25:41"}
{"message":"\tServer started and running on http://localhost:9001","level":"info","timestamp":"20-05-2021 02:26:19"}
{"message":"\tAccessing /cats by method:  GET","level":"info","timestamp":"20-05-2021 02:26:19"}
{"message":"\tAccessing /cats by method:  GET","level":"info","timestamp":"20-05-2021 02:27:41"}
{"message":"\tServer started and running on http://localhost:9001","level":"info","timestamp":"20-05-2021 02:29:36"}
{"message":"\tAccessing /cats by method:  GET","level":"info","timestamp":"20-05-2021 02:29:36"}
{"message":"\tAccessing /cats by method:  GET","level":"info","timestamp":"20-05-2021 02:29:37"}
{"message":"\tServer started and running on http://localhost:9001","level":"info","timestamp":"20-05-2021 02:31:11"}
{"message":"\tAccessing /cats by method:  GET","level":"info","timestamp":"20-05-2021 02:31:11"}
{"message":"\tServer started and running on http://localhost:9001","level":"info","timestamp":"20-05-2021 02:32:39"}
{"message":"\tAccessing /cats by method:  GET","level":"info","timestamp":"20-05-2021 02:32:41"}
{"message":"\tAccessing /cats by method:  GET","level":"info","timestamp":"20-05-2021 02:32:42"}
{"message":"\tAccessing /cats by method:  GET","level":"info","timestamp":"20-05-2021 02:36:45"}
{"message":"\tServer started and running on http://localhost:9001","level":"info","timestamp":"20-05-2021 03:22:19"}
{"message":"\tAccessing /cats by method:  GET","level":"info","timestamp":"20-05-2021 03:22:43"}
{"message":"\tAccessing /cats by method:  GET","level":"info","timestamp":"20-05-2021 03:23:14"}
{"message":"\tAccessing /cats by method:  GET","level":"info","timestamp":"20-05-2021 03:24:11"}
{"message":"\tAccessing /cats by method:  GET","level":"info","timestamp":"20-05-2021 03:25:49"}
{"message":"\tAccessing /cats by method:  GET","level":"info","timestamp":"20-05-2021 03:28:12"}
{"message":"\tAccessing /hats by method:  GET","level":"info","timestamp":"20-05-2021 03:32:56"}
{"message":"\tAccessing /glasses by method:  GET","level":"info","timestamp":"20-05-2021 03:33:10"}
{"message":"\tAccessing /hats by method:  GET","level":"info","timestamp":"20-05-2021 03:34:11"}
{"message":"\tAccessing /cats by method:  GET  |  Requesting the data with id:  50","level":"info","timestamp":"20-05-2021 03:34:20"}
{"message":"\tAccessing /cats by method:  GET  |  Requesting the data with id:  65","level":"info","timestamp":"20-05-2021 03:42:43"}
{"message":"\tAccessing /cats by method:  GET  |  Requesting the data with id:  65","level":"info","timestamp":"20-05-2021 03:42:46"}
{"message":"\tAccessing /cats by method:  GET  |  Requesting the data with id:  65","level":"info","timestamp":"20-05-2021 03:42:46"}
{"message":"\tAccessing /cats by method:  GET  |  Requesting the data with id:  65","level":"info","timestamp":"20-05-2021 03:42:47"}
{"message":"\tAccessing /cats by method:  GET  |  Requesting the data with id:  65","level":"info","timestamp":"20-05-2021 03:42:47"}
{"message":"\tServer started and running on http://localhost:9001","level":"info","timestamp":"21-05-2021 00:13:25"}
{"message":"\tAccessing /cats by method:  GET","level":"info","timestamp":"21-05-2021 00:13:35"}
{"message":"\tAccessing /cats by method:  GET","level":"info","timestamp":"21-05-2021 00:14:11"}
{"message":"\tAccessing /hats by method:  GET","level":"info","timestamp":"21-05-2021 00:16:59"}
{"message":"\tAccessing /hats by method:  GET","level":"info","timestamp":"21-05-2021 00:17:05"}
{"message":"\tAccessing /glasses by method:  GET","level":"info","timestamp":"21-05-2021 00:17:05"}
{"message":"\tAccessing /glasses by method:  GET","level":"info","timestamp":"21-05-2021 00:21:00"}
{"message":"\tAccessing /glasses by method:  GET","level":"info","timestamp":"21-05-2021 00:21:01"}
{"message":"\tAccessing /glasses by method:  GET","level":"info","timestamp":"21-05-2021 00:22:53"}
{"message":"\tAccessing /glasses by method:  GET","level":"info","timestamp":"21-05-2021 00:23:21"}
{"message":"\tAccessing /glasses by method:  GET","level":"info","timestamp":"21-05-2021 00:25:15"}
{"message":"\tAccessing /glasses by method:  GET","level":"info","timestamp":"21-05-2021 00:25:16"}
{"message":"\tAccessing /cats by method:  GET","level":"info","timestamp":"21-05-2021 00:26:49"}
{"message":"\tAccessing /cats by method:  GET","level":"info","timestamp":"21-05-2021 00:26:54"}
{"message":"\tAccessing /glasses by method:  GET","level":"info","timestamp":"21-05-2021 00:26:57"}
{"message":"\tAccessing /glasses by method:  GET","level":"info","timestamp":"21-05-2021 00:26:57"}
{"message":"\tAccessing /cats by method:  GET","level":"info","timestamp":"21-05-2021 00:27:39"}
{"message":"\tAccessing /cats by method:  GET","level":"info","timestamp":"21-05-2021 00:27:40"}
{"message":"\tAccessing /cats by method:  GET","level":"info","timestamp":"21-05-2021 00:27:47"}
{"message":"\tAccessing /cats by method:  GET","level":"info","timestamp":"21-05-2021 00:28:14"}
{"message":"\tAccessing /glasses by method:  GET","level":"info","timestamp":"21-05-2021 00:28:15"}
{"message":"\tAccessing /cats by method:  GET","level":"info","timestamp":"21-05-2021 00:28:54"}
{"message":"\tAccessing /glasses by method:  GET","level":"info","timestamp":"21-05-2021 00:29:51"}
{"message":"\tAccessing /glasses by method:  GET","level":"info","timestamp":"21-05-2021 00:29:51"}
{"message":"\tAccessing /glasses by method:  GET","level":"info","timestamp":"21-05-2021 00:29:52"}
{"message":"\tAccessing /glasses by method:  GET","level":"info","timestamp":"21-05-2021 00:29:52"}
{"message":"\tAccessing /glasses by method:  GET","level":"info","timestamp":"21-05-2021 00:29:53"}
{"message":"\tAccessing /glasses by method:  GET","level":"info","timestamp":"21-05-2021 00:30:11"}
{"message":"\tAccessing /glasses by method:  GET","level":"info","timestamp":"21-05-2021 00:30:23"}
{"message":"\tAccessing /glasses by method:  GET","level":"info","timestamp":"21-05-2021 00:30:24"}
{"message":"\tAccessing /cats by method:  GET","level":"info","timestamp":"21-05-2021 00:31:29"}
{"message":"\tAccessing /glasses by method:  GET","level":"info","timestamp":"21-05-2021 00:32:27"}
{"message":"\tAccessing /glasses by method:  GET","level":"info","timestamp":"21-05-2021 00:32:27"}
{"message":"\tAccessing /hats by method:  GET","level":"info","timestamp":"21-05-2021 00:32:36"}
{"message":"\tAccessing /hats by method:  GET","level":"info","timestamp":"21-05-2021 00:32:38"}
{"message":"\tAccessing /hats by method:  GET","level":"info","timestamp":"21-05-2021 00:33:33"}
{"message":"\tAccessing /hats by method:  GET","level":"info","timestamp":"21-05-2021 00:34:10"}
{"message":"\tAccessing /cats by method:  GET","level":"info","timestamp":"21-05-2021 00:34:29"}
{"message":"\tAccessing /cats by method:  GET","level":"info","timestamp":"21-05-2021 00:34:30"}
{"message":"\tAccessing /cats by method:  GET","level":"info","timestamp":"21-05-2021 00:34:37"}
{"message":"\tAccessing /cats by method:  GET","level":"info","timestamp":"21-05-2021 00:34:45"}
{"message":"\tAccessing /cats by method:  GET","level":"info","timestamp":"21-05-2021 00:35:57"}
{"message":"\tAccessing /cats by method:  GET","level":"info","timestamp":"21-05-2021 00:37:15"}
{"message":"\tAccessing /cats by method:  GET","level":"info","timestamp":"21-05-2021 00:42:11"}
{"message":"\tAccessing /cats by method:  GET","level":"info","timestamp":"21-05-2021 00:42:28"}
{"message":"\tAccessing /cats by method:  GET","level":"info","timestamp":"21-05-2021 00:43:15"}
{"message":"\tAccessing /cats by method:  GET","level":"info","timestamp":"21-05-2021 00:43:38"}
{"message":"\tAccessing /cats by method:  GET","level":"info","timestamp":"21-05-2021 00:43:38"}
{"message":"\tAccessing /hats by method:  GET","level":"info","timestamp":"21-05-2021 00:43:39"}
{"message":"\tAccessing /cats by method:  GET","level":"info","timestamp":"21-05-2021 00:43:59"}
{"message":"\tAccessing /hats by method:  GET","level":"info","timestamp":"21-05-2021 00:44:00"}
{"message":"\tAccessing /hats by method:  GET","level":"info","timestamp":"21-05-2021 00:44:04"}
{"message":"\tAccessing /cats by method:  GET","level":"info","timestamp":"21-05-2021 00:44:07"}
{"message":"\tAccessing /cats by method:  GET","level":"info","timestamp":"21-05-2021 00:44:38"}
{"message":"\tAccessing /glasses by method:  GET","level":"info","timestamp":"21-05-2021 00:44:44"}
{"message":"\tAccessing /cats by method:  GET","level":"info","timestamp":"21-05-2021 00:44:46"}
{"message":"\tAccessing /cats by method:  GET","level":"info","timestamp":"21-05-2021 00:45:11"}
{"message":"\tAccessing /cats by method:  GET","level":"info","timestamp":"21-05-2021 00:46:28"}
{"message":"\tAccessing /glasses by method:  GET","level":"info","timestamp":"21-05-2021 00:46:37"}
{"message":"\tAccessing /glasses by method:  GET","level":"info","timestamp":"21-05-2021 00:46:38"}
{"message":"\tAccessing /cats by method:  GET","level":"info","timestamp":"21-05-2021 00:46:38"}
{"message":"\tAccessing /cats by method:  GET","level":"info","timestamp":"21-05-2021 00:46:42"}
{"message":"\tAccessing /glasses by method:  GET","level":"info","timestamp":"21-05-2021 00:46:50"}
{"message":"\tAccessing /glasses by method:  GET","level":"info","timestamp":"21-05-2021 00:46:51"}
{"message":"\tAccessing /cats by method:  GET","level":"info","timestamp":"21-05-2021 00:46:51"}
{"message":"\tAccessing /cats by method:  GET","level":"info","timestamp":"21-05-2021 00:47:22"}
{"message":"\tAccessing /cats by method:  GET","level":"info","timestamp":"21-05-2021 00:47:38"}
{"message":"\tAccessing /cats by method:  GET","level":"info","timestamp":"21-05-2021 00:47:56"}
{"message":"\tAccessing /cats by method:  GET","level":"info","timestamp":"21-05-2021 00:47:57"}
{"message":"\tAccessing /cats by method:  GET","level":"info","timestamp":"21-05-2021 00:47:58"}
{"message":"\tAccessing /cats by method:  GET","level":"info","timestamp":"21-05-2021 00:47:59"}
{"message":"\tAccessing /hats by method:  GET","level":"info","timestamp":"21-05-2021 00:48:13"}
{"message":"\tAccessing /cats by method:  GET","level":"info","timestamp":"21-05-2021 00:48:14"}
{"message":"\tAccessing /cats by method:  GET","level":"info","timestamp":"21-05-2021 00:48:41"}
{"message":"\tAccessing /cats by method:  GET","level":"info","timestamp":"21-05-2021 00:48:42"}
{"message":"\tAccessing /cats by method:  GET","level":"info","timestamp":"21-05-2021 00:48:56"}
{"message":"\tAccessing /cats by method:  GET","level":"info","timestamp":"21-05-2021 00:49:30"}
{"message":"\tAccessing /cats by method:  GET","level":"info","timestamp":"21-05-2021 00:49:31"}
{"message":"\tAccessing /cats by method:  GET","level":"info","timestamp":"21-05-2021 00:49:31"}
{"message":"\tAccessing /hats by method:  GET","level":"info","timestamp":"21-05-2021 00:49:33"}
{"message":"\tAccessing /cats by method:  GET","level":"info","timestamp":"21-05-2021 00:49:33"}
{"message":"\tAccessing /cats by method:  GET","level":"info","timestamp":"21-05-2021 00:49:52"}
{"message":"\tAccessing /hats by method:  GET","level":"info","timestamp":"21-05-2021 00:49:53"}
{"message":"\tAccessing /glasses by method:  GET","level":"info","timestamp":"21-05-2021 00:49:54"}
{"message":"\tAccessing /glasses by method:  GET","level":"info","timestamp":"21-05-2021 00:49:56"}
{"message":"\tAccessing /cats by method:  GET","level":"info","timestamp":"21-05-2021 00:50:02"}
{"message":"\tAccessing /cats by method:  GET","level":"info","timestamp":"21-05-2021 00:50:35"}
{"message":"\tAccessing /hats by method:  GET","level":"info","timestamp":"21-05-2021 00:50:37"}
{"message":"\tAccessing /hats by method:  GET","level":"info","timestamp":"21-05-2021 00:51:46"}
{"message":"\tAccessing /hats by method:  GET","level":"info","timestamp":"21-05-2021 00:51:47"}
{"message":"\tAccessing /glasses by method:  GET","level":"info","timestamp":"21-05-2021 00:51:52"}
{"message":"\tAccessing /hats by method:  GET","level":"info","timestamp":"21-05-2021 00:51:53"}
{"message":"\tAccessing /hats by method:  GET","level":"info","timestamp":"21-05-2021 00:51:54"}
{"message":"\tAccessing /glasses by method:  GET","level":"info","timestamp":"21-05-2021 00:51:55"}
{"message":"\tAccessing /hats by method:  GET","level":"info","timestamp":"21-05-2021 00:51:55"}
{"message":"\tAccessing /cats by method:  GET","level":"info","timestamp":"21-05-2021 00:51:56"}
{"message":"\tAccessing /cats by method:  GET","level":"info","timestamp":"21-05-2021 00:51:57"}
{"message":"\tAccessing /hats by method:  GET","level":"info","timestamp":"21-05-2021 00:51:58"}
{"message":"\tAccessing /hats by method:  GET","level":"info","timestamp":"21-05-2021 00:52:04"}
{"message":"\tAccessing /cats by method:  GET","level":"info","timestamp":"21-05-2021 00:52:06"}
{"message":"\tAccessing /cats by method:  GET","level":"info","timestamp":"21-05-2021 00:52:08"}
{"message":"\tAccessing /glasses by method:  GET","level":"info","timestamp":"21-05-2021 00:52:16"}
{"message":"\tAccessing /glasses by method:  GET","level":"info","timestamp":"21-05-2021 00:52:46"}
{"message":"\tAccessing /glasses by method:  GET","level":"info","timestamp":"21-05-2021 00:52:57"}
{"message":"\tAccessing /glasses by method:  GET","level":"info","timestamp":"21-05-2021 00:52:58"}
{"message":"\tAccessing /glasses by method:  GET","level":"info","timestamp":"21-05-2021 00:53:30"}
{"message":"\tAccessing /glasses by method:  GET","level":"info","timestamp":"21-05-2021 00:54:25"}
{"message":"\tAccessing /glasses by method:  GET","level":"info","timestamp":"21-05-2021 00:54:25"}
{"message":"\tAccessing /glasses by method:  GET","level":"info","timestamp":"21-05-2021 00:55:33"}
{"message":"\tAccessing /glasses by method:  GET","level":"info","timestamp":"21-05-2021 00:59:22"}
{"message":"\tAccessing /glasses by method:  GET","level":"info","timestamp":"21-05-2021 00:59:23"}
{"message":"\tAccessing /cats by method:  GET","level":"info","timestamp":"21-05-2021 00:59:25"}
{"message":"\tAccessing /cats by method:  GET","level":"info","timestamp":"21-05-2021 00:59:27"}
{"message":"\tAccessing /hats by method:  GET","level":"info","timestamp":"21-05-2021 00:59:28"}
{"message":"\tAccessing /hats by method:  GET","level":"info","timestamp":"21-05-2021 01:00:11"}
{"message":"\tAccessing /hats by method:  GET","level":"info","timestamp":"21-05-2021 01:00:14"}
{"message":"\tAccessing /hats by method:  GET","level":"info","timestamp":"21-05-2021 01:00:17"}
{"message":"\tAccessing /hats by method:  GET","level":"info","timestamp":"21-05-2021 01:00:17"}
{"message":"\tAccessing /glasses by method:  GET","level":"info","timestamp":"21-05-2021 01:00:22"}
{"message":"\tAccessing /hats by method:  GET","level":"info","timestamp":"21-05-2021 01:00:40"}
{"message":"\tAccessing /hats by method:  GET","level":"info","timestamp":"21-05-2021 01:00:40"}
{"message":"\tAccessing /hats by method:  GET","level":"info","timestamp":"21-05-2021 01:00:41"}
{"message":"\tAccessing /hats by method:  GET","level":"info","timestamp":"21-05-2021 01:01:19"}
{"message":"\tAccessing /hats by method:  GET","level":"info","timestamp":"21-05-2021 01:01:25"}
{"message":"\tAccessing /glasses by method:  GET","level":"info","timestamp":"21-05-2021 01:01:26"}
{"message":"\tAccessing /hats by method:  GET","level":"info","timestamp":"21-05-2021 01:01:27"}
{"message":"\tAccessing /cats by method:  GET","level":"info","timestamp":"21-05-2021 01:01:28"}
{"message":"\tAccessing /cats by method:  GET","level":"info","timestamp":"21-05-2021 01:01:41"}
{"message":"\tAccessing /hats by method:  GET","level":"info","timestamp":"21-05-2021 01:01:43"}
{"message":"\tAccessing /cats by method:  GET","level":"info","timestamp":"21-05-2021 01:01:45"}
{"message":"\tAccessing /cats by method:  GET","level":"info","timestamp":"21-05-2021 01:02:04"}
{"message":"\tAccessing /hats by method:  GET","level":"info","timestamp":"21-05-2021 01:02:05"}
{"message":"\tAccessing /glasses by method:  GET","level":"info","timestamp":"21-05-2021 01:02:06"}
{"message":"\tAccessing /hats by method:  GET","level":"info","timestamp":"21-05-2021 01:02:08"}
{"message":"\tAccessing /cats by method:  GET","level":"info","timestamp":"21-05-2021 01:02:09"}
{"message":"\tAccessing /cats by method:  GET","level":"info","timestamp":"21-05-2021 01:02:37"}
{"message":"\tAccessing /cats by method:  GET","level":"info","timestamp":"21-05-2021 01:02:38"}
{"message":"\tAccessing /cats by method:  GET","level":"info","timestamp":"21-05-2021 01:02:38"}
{"message":"\tAccessing /cats by method:  GET","level":"info","timestamp":"21-05-2021 01:02:54"}
{"message":"\tAccessing /cats by method:  GET","level":"info","timestamp":"21-05-2021 01:02:55"}
{"message":"\tAccessing /cats by method:  GET","level":"info","timestamp":"21-05-2021 01:03:03"}
{"message":"\tAccessing /cats by method:  GET","level":"info","timestamp":"21-05-2021 01:03:04"}
{"message":"\tAccessing /cats by method:  GET","level":"info","timestamp":"21-05-2021 01:03:05"}
{"message":"\tAccessing /cats by method:  GET","level":"info","timestamp":"21-05-2021 01:03:05"}
{"message":"\tAccessing /hats by method:  GET","level":"info","timestamp":"21-05-2021 01:03:11"}
{"message":"\tAccessing /hats by method:  GET","level":"info","timestamp":"21-05-2021 01:03:13"}
{"message":"\tAccessing /hats by method:  GET","level":"info","timestamp":"21-05-2021 01:03:13"}
{"message":"\tAccessing /hats by method:  GET","level":"info","timestamp":"21-05-2021 01:03:25"}
{"message":"\tAccessing /hats by method:  GET","level":"info","timestamp":"21-05-2021 01:03:25"}
{"message":"\tAccessing /hats by method:  GET","level":"info","timestamp":"21-05-2021 01:03:25"}
{"message":"\tAccessing /hats by method:  GET","level":"info","timestamp":"21-05-2021 01:03:25"}
{"message":"\tAccessing /hats by method:  GET","level":"info","timestamp":"21-05-2021 01:03:26"}
{"message":"\tAccessing /hats by method:  GET","level":"info","timestamp":"21-05-2021 01:03:33"}
{"message":"\tAccessing /hats by method:  GET","level":"info","timestamp":"21-05-2021 01:03:33"}
{"message":"\tAccessing /hats by method:  GET","level":"info","timestamp":"21-05-2021 01:03:34"}
{"message":"\tAccessing /hats by method:  GET","level":"info","timestamp":"21-05-2021 01:04:08"}
{"message":"\tAccessing /cats by method:  GET","level":"info","timestamp":"21-05-2021 01:04:10"}
{"message":"\tAccessing /hats by method:  GET","level":"info","timestamp":"21-05-2021 01:04:11"}
{"message":"\tAccessing /glasses by method:  GET","level":"info","timestamp":"21-05-2021 01:04:12"}
{"message":"\tAccessing /glasses by method:  GET","level":"info","timestamp":"21-05-2021 01:04:28"}
{"message":"\tAccessing /glasses by method:  GET","level":"info","timestamp":"21-05-2021 01:04:47"}
{"message":"\tAccessing /cats by method:  GET","level":"info","timestamp":"21-05-2021 01:04:55"}
{"message":"\tAccessing /glasses by method:  GET","level":"info","timestamp":"21-05-2021 01:04:57"}
{"message":"\tAccessing /hats by method:  GET","level":"info","timestamp":"21-05-2021 01:04:59"}
{"message":"\tAccessing /hats by method:  GET","level":"info","timestamp":"21-05-2021 01:05:00"}
{"message":"\tAccessing /cats by method:  GET","level":"info","timestamp":"21-05-2021 01:05:02"}
{"message":"\tAccessing /hats by method:  GET","level":"info","timestamp":"21-05-2021 01:05:05"}
{"message":"\tAccessing /glasses by method:  GET","level":"info","timestamp":"21-05-2021 01:05:05"}
{"message":"\tAccessing /hats by method:  GET","level":"info","timestamp":"21-05-2021 01:05:06"}
{"message":"\tAccessing /glasses by method:  GET","level":"info","timestamp":"21-05-2021 01:05:07"}
{"message":"\tAccessing /hats by method:  GET","level":"info","timestamp":"21-05-2021 01:05:08"}
{"message":"\tAccessing /glasses by method:  GET","level":"info","timestamp":"21-05-2021 01:05:09"}
{"message":"\tAccessing /glasses by method:  GET","level":"info","timestamp":"21-05-2021 01:05:10"}
{"message":"\tAccessing /cats by method:  GET","level":"info","timestamp":"21-05-2021 01:05:12"}
{"message":"\tAccessing /hats by method:  GET","level":"info","timestamp":"21-05-2021 01:05:14"}
{"message":"\tAccessing /glasses by method:  GET","level":"info","timestamp":"21-05-2021 01:05:16"}
{"message":"\tAccessing /cats by method:  GET","level":"info","timestamp":"21-05-2021 01:05:25"}
{"message":"\tAccessing /cats by method:  GET","level":"info","timestamp":"21-05-2021 01:05:33"}
{"message":"\tAccessing /hats by method:  GET","level":"info","timestamp":"21-05-2021 01:05:34"}
{"message":"\tAccessing /glasses by method:  GET","level":"info","timestamp":"21-05-2021 01:05:36"}
{"message":"\tAccessing /hats by method:  GET","level":"info","timestamp":"21-05-2021 01:05:36"}
{"message":"\tAccessing /cats by method:  GET","level":"info","timestamp":"21-05-2021 01:05:37"}
{"message":"\tAccessing /cats by method:  GET","level":"info","timestamp":"21-05-2021 01:05:56"}
{"message":"\tAccessing /cats by method:  GET","level":"info","timestamp":"21-05-2021 01:05:58"}
{"message":"\tAccessing /hats by method:  GET","level":"info","timestamp":"21-05-2021 01:06:00"}
{"message":"\tAccessing /hats by method:  GET","level":"info","timestamp":"21-05-2021 01:06:31"}
{"message":"\tAccessing /cats by method:  GET","level":"info","timestamp":"21-05-2021 01:06:32"}
{"message":"\tAccessing /hats by method:  GET","level":"info","timestamp":"21-05-2021 01:06:34"}
{"message":"\tAccessing /glasses by method:  GET","level":"info","timestamp":"21-05-2021 01:06:35"}
{"message":"\tAccessing /cats by method:  GET","level":"info","timestamp":"21-05-2021 01:06:35"}
{"message":"\tAccessing /cats by method:  GET","level":"info","timestamp":"21-05-2021 01:07:04"}
{"message":"\tAccessing /hats by method:  GET","level":"info","timestamp":"21-05-2021 01:07:06"}
{"message":"\tAccessing /glasses by method:  GET","level":"info","timestamp":"21-05-2021 01:07:08"}
{"message":"\tAccessing /cats by method:  GET","level":"info","timestamp":"21-05-2021 01:07:12"}
{"message":"\tAccessing /cats by method:  GET","level":"info","timestamp":"21-05-2021 01:07:45"}
{"message":"\tAccessing /cats by method:  GET","level":"info","timestamp":"21-05-2021 01:08:31"}
{"message":"\tAccessing /cats by method:  GET","level":"info","timestamp":"21-05-2021 01:08:57"}
{"message":"\tAccessing /cats by method:  GET","level":"info","timestamp":"21-05-2021 01:10:27"}
{"message":"\tAccessing /cats by method:  GET","level":"info","timestamp":"21-05-2021 01:10:31"}
{"message":"\tAccessing /hats by method:  GET","level":"info","timestamp":"21-05-2021 01:10:32"}
{"message":"\tAccessing /glasses by method:  GET","level":"info","timestamp":"21-05-2021 01:10:34"}
{"message":"\tAccessing /cats by method:  GET","level":"info","timestamp":"21-05-2021 01:10:34"}
